<?xml version="1.0" encoding="UTF-8"?>
<!-- Generated by org.testng.reporters.JUnitXMLReporter -->
<testsuite hostname="PIL-PC-1048" ignored="3" name=" Automation Test" tests="2" failures="1" timestamp="2019-12-10T17:55:18 IST" time="19.889" errors="0">
  <testcase name="testLogin" time="15.224" classname="com.LearnFramework.Login.LoginPageTest"/>
  <testcase name="test_AddProductToCart" time="0.003" classname="com.LearnFramework.ProductCategoryVerify.VerifyProductAddTOCART">
    <failure type="java.lang.NullPointerException">
      <![CDATA[java.lang.NullPointerException
at com.LearnFramework.LandingPage.clickOnIntem(LandingPage.java:47)
at com.LearnFramework.ProductCategoryVerify.VerifyProductAddTOCART.test_AddProductToCart(VerifyProductAddTOCART.java:22)
at java.util.ArrayList.forEach(Unknown Source)
... Removed 27 stack frames]]>
    </failure>
  </testcase> <!-- test_AddProductToCart -->
  <testcase name="@BeforeTest beforeTest" time="0.0" classname="com.testBase.StartBrowser1">
    <ignored/>
  </testcase> <!-- @BeforeTest beforeTest -->
  <testcase name="@AfterTest afterTest" time="0.0" classname="com.testBase.StartBrowser1">
    <ignored/>
  </testcase> <!-- @AfterTest afterTest -->
  <testcase name="@BeforeSuite beforeSuite" time="0.0" classname="com.testBase.StartBrowser1">
    <ignored/>
  </testcase> <!-- @BeforeSuite beforeSuite -->
</testsuite> <!--  Automation Test -->
