<?xml version="1.0" encoding="UTF-8"?>
<!-- Generated by org.testng.reporters.JUnitXMLReporter -->
<testsuite hostname="PIL-PC-1048" ignored="3" name=" Automation Test" tests="2" failures="1" timestamp="2019-12-10T11:27:36 IST" time="16.38" errors="0">
  <testcase name="testLogin" time="11.14" classname="com.LearnFramework.Login.LoginPageTest"/>
  <testcase name="test_Signout" time="0.002" classname="com.LearnFramework.SignOut.SignoutTest">
    <failure type="java.lang.NullPointerException">
      <![CDATA[java.lang.NullPointerException
at org.openqa.selenium.support.pagefactory.DefaultElementLocator.findElement(DefaultElementLocator.java:69)
at org.openqa.selenium.support.pagefactory.internal.LocatingElementHandler.invoke(LocatingElementHandler.java:38)
at com.sun.proxy.$Proxy12.click(Unknown Source)
at com.LearnFramework.Signout.clicksignout(Signout.java:35)
at com.LearnFramework.SignOut.SignoutTest.test_Signout(SignoutTest.java:25)
at java.util.ArrayList.forEach(Unknown Source)
... Removed 27 stack frames]]>
    </failure>
  </testcase> <!-- test_Signout -->
  <testcase name="@BeforeTest beforeTest" time="0.0" classname="com.testBase.StartBrowser1">
    <ignored/>
  </testcase> <!-- @BeforeTest beforeTest -->
  <testcase name="@AfterTest afterTest" time="0.0" classname="com.testBase.StartBrowser1">
    <ignored/>
  </testcase> <!-- @AfterTest afterTest -->
  <testcase name="@BeforeSuite beforeSuite" time="0.0" classname="com.testBase.StartBrowser1">
    <ignored/>
  </testcase> <!-- @BeforeSuite beforeSuite -->
</testsuite> <!--  Automation Test -->
