<?xml version="1.0" encoding="UTF-8"?>
<!-- Generated by org.testng.reporters.JUnitXMLReporter -->
<testsuite hostname="PIL-PC-1048" ignored="0" name=" Automation Test1" tests="1" failures="1" timestamp="2019-12-10T17:34:47 IST" time="7.233" errors="0">
  <testcase name="test_Signout" time="3.003" classname="com.LearnFramework.SignOut.SignoutTest">
    <failure type="java.lang.NullPointerException">
      <![CDATA[java.lang.NullPointerException
at com.LearnFramework.Signout.clicksignout(Signout.java:39)
at com.LearnFramework.SignOut.SignoutTest.test_Signout(SignoutTest.java:25)
at java.util.ArrayList.forEach(Unknown Source)
... Removed 27 stack frames]]>
    </failure>
  </testcase> <!-- test_Signout -->
</testsuite> <!--  Automation Test1 -->
