<?xml version="1.0" encoding="UTF-8"?>
<!-- Generated by org.testng.reporters.JUnitXMLReporter -->
<testsuite hostname="PIL-PC-1048" ignored="0" name="Add To Cart" tests="2" failures="0" timestamp="2019-12-16T19:47:14 IST" time="27.309" errors="0">
  <testcase name="testLogin" time="10.921" classname="com.LearnFramework.ProductCategoryVerify.VerifyProductAddTOCART"/>
  <testcase name="test_AddProductToCart" time="11.696" classname="com.LearnFramework.ProductCategoryVerify.VerifyProductAddTOCART"/>
</testsuite> <!-- Add To Cart -->
